<?xml version="1.0" encoding="UTF-8"?>
<testsuite xmlns:xsi="http://www.w3.org/2001/XMLSchema-instance" xsi:noNamespaceSchemaLocation="https://maven.apache.org/surefire/maven-surefire-plugin/xsd/surefire-test-report.xsd" version="3.0.2" name="com.example.financery.service.impl.BillServiceImplTest" time="1.072" tests="30" errors="0" skipped="0" failures="0">
  <properties>
[...]
</properties>
  <testcase name="updateBill_success" classname="com.example.financery.service.impl.BillServiceImplTest" time="0.754"/>
  <testcase name="updateBill_billNotFound_throwsNotFoundException" classname="com.example.financery.service.impl.BillServiceImplTest" time="0.009"/>
  <testcase name="getAllBills_success" classname="com.example.financery.service.impl.BillServiceImplTest" time="0.136"/>
  <testcase name="deleteBill_userNotFound_throwsNotFoundException" classname="com.example.financery.service.impl.BillServiceImplTest" time="0.006"/>
  <testcase name="getBillsByUserId_success" classname="com.example.financery.service.impl.BillServiceImplTest" time="0.008"/>
  <testcase name="getAllBills_emptyList" classname="com.example.financery.service.impl.BillServiceImplTest" time="0.007"/>
  <testcase name="deleteBill_billNotFound_throwsNotFoundException" classname="com.example.financery.service.impl.BillServiceImplTest" time="0.008"/>
  <testcase name="createBill_nullName_throwsInvalidInputException" classname="com.example.financery.service.impl.BillServiceImplTest" time="0.005"/>
  <testcase name="getBillsByUserId_userNotFound_throwsNotFoundException" classname="com.example.financery.service.impl.BillServiceImplTest" time="0.007"/>
  <testcase name="getBillById_hibernateInitializeThrowsException" classname="com.example.financery.service.impl.BillServiceImplTest" time="0.01"/>
  <testcase name="createBill_negativeBalance_throwsInvalidInputException" classname="com.example.financery.service.impl.BillServiceImplTest" time="0.003"/>
  <testcase name="getAllBills_hibernateInitializeThrowsException" classname="com.example.financery.service.impl.BillServiceImplTest" time="0.006"/>
  <testcase name="getBillById_success" classname="com.example.financery.service.impl.BillServiceImplTest" time="0.005"/>
  <testcase name="getBillsByUserId_billMapperThrowsException" classname="com.example.financery.service.impl.BillServiceImplTest" time="0.006"/>
  <testcase name="getBillById_billMapperThrowsException" classname="com.example.financery.service.impl.BillServiceImplTest" time="0.007"/>
  <testcase name="getBillById_billNotFound_throwsNotFoundException" classname="com.example.financery.service.impl.BillServiceImplTest" time="0.005"/>
  <testcase name="updateBill_nullName_throwsInvalidInputException" classname="com.example.financery.service.impl.BillServiceImplTest" time="0.003"/>
  <testcase name="createBill_emptyName_throwsInvalidInputException" classname="com.example.financery.service.impl.BillServiceImplTest" time="0.004"/>
  <testcase name="getAllBills_billMapperThrowsException" classname="com.example.financery.service.impl.BillServiceImplTest" time="0.007"/>
  <testcase name="getBillsByUserId_hibernateInitializeThrowsException" classname="com.example.financery.service.impl.BillServiceImplTest" time="0.006"/>
  <testcase name="createBill_success" classname="com.example.financery.service.impl.BillServiceImplTest" time="0.005"/>
  <testcase name="createBill_userNotFound_throwsNotFoundException" classname="com.example.financery.service.impl.BillServiceImplTest" time="0.004"/>
  <testcase name="updateBill_saveBillThrowsException" classname="com.example.financery.service.impl.BillServiceImplTest" time="0.007"/>
  <testcase name="updateBill_saveUserThrowsException" classname="com.example.financery.service.impl.BillServiceImplTest" time="0.006"/>
  <testcase name="updateBill_negativeBalance_throwsInvalidInputException" classname="com.example.financery.service.impl.BillServiceImplTest" time="0.003"/>
  <testcase name="updateBill_emptyName_throwsInvalidInputException" classname="com.example.financery.service.impl.BillServiceImplTest" time="0.002"/>
  <testcase name="createBill_saveThrowsException" classname="com.example.financery.service.impl.BillServiceImplTest" time="0.005"/>
  <testcase name="deleteBill_saveUserThrowsException" classname="com.example.financery.service.impl.BillServiceImplTest" time="0.005"/>
  <testcase name="deleteBill_success" classname="com.example.financery.service.impl.BillServiceImplTest" time="0.004"/>
  <testcase name="updateBill_userNotFound_throwsNotFoundException" classname="com.example.financery.service.impl.BillServiceImplTest" time="0.003"/>
</testsuite>